1767781301.934210 client started (211367): version 3.6a, socket /tmp/tmux-1000/default, protocol 8
1767781301.934240 on Linux 6.18.3-2-cachyos #1 SMP PREEMPT_DYNAMIC Sat, 03 Jan 2026 23:14:07 +0000
1767781301.934254 using libevent 2.1.12-stable poll
1767781301.934260 using ncurses 6.5 20240427
1767781301.934297 flags are 0x10010000
1767781301.934315 socket is /tmp/tmux-1000/default
1767781301.934339 trying connect
1767781301.934437 add peer 0x55e509da3c70: 6 ((nil))
1767781301.935380 sending message 111 to peer 0x55e509da3c70 (8 bytes)
1767781301.935443 sending message 111 to peer 0x55e509da3c70 (8 bytes)
1767781301.935450 sending message 101 to peer 0x55e509da3c70 (14 bytes)
1767781301.935457 sending message 109 to peer 0x55e509da3c70 (4 bytes)
1767781301.935464 sending message 102 to peer 0x55e509da3c70 (11 bytes)
1767781301.935471 sending message 108 to peer 0x55e509da3c70 (38 bytes)
1767781301.935478 sending message 112 to peer 0x55e509da3c70 (70 bytes)
1767781301.935486 sending message 112 to peer 0x55e509da3c70 (5 bytes)
1767781301.935494 sending message 112 to peer 0x55e509da3c70 (5 bytes)
1767781301.935501 sending message 112 to peer 0x55e509da3c70 (6 bytes)
1767781301.935507 sending message 112 to peer 0x55e509da3c70 (6 bytes)
1767781301.935515 sending message 112 to peer 0x55e509da3c70 (11 bytes)
1767781301.935522 sending message 112 to peer 0x55e509da3c70 (10 bytes)
1767781301.935529 sending message 112 to peer 0x55e509da3c70 (13 bytes)
1767781301.935536 sending message 112 to peer 0x55e509da3c70 (13 bytes)
1767781301.935546 sending message 112 to peer 0x55e509da3c70 (18 bytes)
1767781301.935555 sending message 112 to peer 0x55e509da3c70 (11 bytes)
1767781301.935566 sending message 112 to peer 0x55e509da3c70 (10 bytes)
1767781301.935572 sending message 112 to peer 0x55e509da3c70 (15 bytes)
1767781301.935580 sending message 112 to peer 0x55e509da3c70 (21 bytes)
1767781301.935588 sending message 112 to peer 0x55e509da3c70 (13 bytes)
1767781301.935601 sending message 112 to peer 0x55e509da3c70 (7 bytes)
1767781301.935624 sending message 112 to peer 0x55e509da3c70 (13 bytes)
1767781301.935643 sending message 112 to peer 0x55e509da3c70 (7 bytes)
1767781301.935655 sending message 112 to peer 0x55e509da3c70 (13 bytes)
1767781301.935670 sending message 112 to peer 0x55e509da3c70 (9 bytes)
1767781301.935688 sending message 112 to peer 0x55e509da3c70 (21 bytes)
1767781301.935704 sending message 112 to peer 0x55e509da3c70 (13 bytes)
1767781301.935717 sending message 112 to peer 0x55e509da3c70 (8 bytes)
1767781301.935726 sending message 112 to peer 0x55e509da3c70 (12 bytes)
1767781301.935736 sending message 112 to peer 0x55e509da3c70 (13 bytes)
1767781301.935745 sending message 112 to peer 0x55e509da3c70 (9 bytes)
1767781301.935762 sending message 112 to peer 0x55e509da3c70 (9 bytes)
1767781301.935776 sending message 112 to peer 0x55e509da3c70 (12 bytes)
1767781301.935790 sending message 112 to peer 0x55e509da3c70 (8 bytes)
1767781301.935809 sending message 112 to peer 0x55e509da3c70 (8 bytes)
1767781301.935821 sending message 112 to peer 0x55e509da3c70 (7 bytes)
1767781301.935831 sending message 112 to peer 0x55e509da3c70 (7 bytes)
1767781301.935839 sending message 112 to peer 0x55e509da3c70 (9 bytes)
1767781301.935847 sending message 112 to peer 0x55e509da3c70 (13 bytes)
1767781301.935856 sending message 112 to peer 0x55e509da3c70 (6 bytes)
1767781301.935867 sending message 112 to peer 0x55e509da3c70 (9 bytes)
1767781301.935875 sending message 112 to peer 0x55e509da3c70 (15 bytes)
1767781301.935883 sending message 112 to peer 0x55e509da3c70 (13 bytes)
1767781301.935892 sending message 112 to peer 0x55e509da3c70 (12 bytes)
1767781301.935901 sending message 112 to peer 0x55e509da3c70 (8 bytes)
1767781301.935914 sending message 112 to peer 0x55e509da3c70 (14 bytes)
1767781301.935926 sending message 112 to peer 0x55e509da3c70 (11 bytes)
1767781301.935934 sending message 112 to peer 0x55e509da3c70 (9 bytes)
1767781301.935942 sending message 112 to peer 0x55e509da3c70 (10 bytes)
1767781301.935948 sending message 112 to peer 0x55e509da3c70 (10 bytes)
1767781301.935965 sending message 112 to peer 0x55e509da3c70 (10 bytes)
1767781301.935979 sending message 112 to peer 0x55e509da3c70 (10 bytes)
1767781301.935986 sending message 112 to peer 0x55e509da3c70 (11 bytes)
1767781301.935991 sending message 112 to peer 0x55e509da3c70 (12 bytes)
1767781301.935997 sending message 112 to peer 0x55e509da3c70 (12 bytes)
1767781301.936021 sending message 112 to peer 0x55e509da3c70 (12 bytes)
1767781301.936028 sending message 112 to peer 0x55e509da3c70 (12 bytes)
1767781301.936035 sending message 112 to peer 0x55e509da3c70 (12 bytes)
1767781301.936042 sending message 112 to peer 0x55e509da3c70 (11 bytes)
1767781301.936066 sending message 112 to peer 0x55e509da3c70 (11 bytes)
1767781301.936072 sending message 112 to peer 0x55e509da3c70 (12 bytes)
1767781301.936077 sending message 112 to peer 0x55e509da3c70 (12 bytes)
1767781301.936083 sending message 112 to peer 0x55e509da3c70 (12 bytes)
1767781301.936089 sending message 112 to peer 0x55e509da3c70 (12 bytes)
1767781301.936094 sending message 112 to peer 0x55e509da3c70 (12 bytes)
1767781301.936101 sending message 112 to peer 0x55e509da3c70 (10 bytes)
1767781301.936107 sending message 112 to peer 0x55e509da3c70 (12 bytes)
1767781301.936112 sending message 112 to peer 0x55e509da3c70 (13 bytes)
1767781301.936118 sending message 112 to peer 0x55e509da3c70 (13 bytes)
1767781301.936124 sending message 112 to peer 0x55e509da3c70 (13 bytes)
1767781301.936130 sending message 112 to peer 0x55e509da3c70 (13 bytes)
1767781301.936136 sending message 112 to peer 0x55e509da3c70 (13 bytes)
1767781301.936141 sending message 112 to peer 0x55e509da3c70 (8 bytes)
1767781301.936147 sending message 112 to peer 0x55e509da3c70 (11 bytes)
1767781301.936153 sending message 112 to peer 0x55e509da3c70 (11 bytes)
1767781301.936158 sending message 112 to peer 0x55e509da3c70 (11 bytes)
1767781301.936164 sending message 112 to peer 0x55e509da3c70 (12 bytes)
1767781301.936170 sending message 112 to peer 0x55e509da3c70 (12 bytes)
1767781301.936177 sending message 112 to peer 0x55e509da3c70 (12 bytes)
1767781301.936183 sending message 112 to peer 0x55e509da3c70 (12 bytes)
1767781301.936188 sending message 112 to peer 0x55e509da3c70 (13 bytes)
1767781301.936194 sending message 112 to peer 0x55e509da3c70 (13 bytes)
1767781301.936200 sending message 112 to peer 0x55e509da3c70 (13 bytes)
1767781301.936205 sending message 112 to peer 0x55e509da3c70 (8 bytes)
1767781301.936211 sending message 112 to peer 0x55e509da3c70 (13 bytes)
1767781301.936216 sending message 112 to peer 0x55e509da3c70 (13 bytes)
1767781301.936222 sending message 112 to peer 0x55e509da3c70 (13 bytes)
1767781301.936228 sending message 112 to peer 0x55e509da3c70 (13 bytes)
1767781301.936233 sending message 112 to peer 0x55e509da3c70 (13 bytes)
1767781301.936239 sending message 112 to peer 0x55e509da3c70 (12 bytes)
1767781301.936245 sending message 112 to peer 0x55e509da3c70 (12 bytes)
1767781301.936250 sending message 112 to peer 0x55e509da3c70 (12 bytes)
1767781301.936256 sending message 112 to peer 0x55e509da3c70 (12 bytes)
1767781301.936262 sending message 112 to peer 0x55e509da3c70 (13 bytes)
1767781301.936268 sending message 112 to peer 0x55e509da3c70 (8 bytes)
1767781301.936274 sending message 112 to peer 0x55e509da3c70 (13 bytes)
1767781301.936280 sending message 112 to peer 0x55e509da3c70 (13 bytes)
1767781301.936286 sending message 112 to peer 0x55e509da3c70 (13 bytes)
1767781301.936292 sending message 112 to peer 0x55e509da3c70 (13 bytes)
1767781301.936297 sending message 112 to peer 0x55e509da3c70 (13 bytes)
1767781301.936303 sending message 112 to peer 0x55e509da3c70 (13 bytes)
1767781301.936309 sending message 112 to peer 0x55e509da3c70 (13 bytes)
1767781301.936315 sending message 112 to peer 0x55e509da3c70 (12 bytes)
1767781301.936321 sending message 112 to peer 0x55e509da3c70 (12 bytes)
1767781301.936326 sending message 112 to peer 0x55e509da3c70 (12 bytes)
1767781301.936332 sending message 112 to peer 0x55e509da3c70 (8 bytes)
1767781301.936338 sending message 112 to peer 0x55e509da3c70 (12 bytes)
1767781301.936348 sending message 112 to peer 0x55e509da3c70 (13 bytes)
1767781301.936357 sending message 112 to peer 0x55e509da3c70 (13 bytes)
1767781301.936363 sending message 112 to peer 0x55e509da3c70 (13 bytes)
1767781301.936368 sending message 112 to peer 0x55e509da3c70 (13 bytes)
1767781301.936374 sending message 112 to peer 0x55e509da3c70 (13 bytes)
1767781301.936380 sending message 112 to peer 0x55e509da3c70 (13 bytes)
1767781301.936385 sending message 112 to peer 0x55e509da3c70 (13 bytes)
1767781301.936391 sending message 112 to peer 0x55e509da3c70 (13 bytes)
1767781301.936396 sending message 112 to peer 0x55e509da3c70 (12 bytes)
1767781301.936402 sending message 112 to peer 0x55e509da3c70 (10 bytes)
1767781301.936408 sending message 112 to peer 0x55e509da3c70 (12 bytes)
1767781301.936413 sending message 112 to peer 0x55e509da3c70 (12 bytes)
1767781301.936419 sending message 112 to peer 0x55e509da3c70 (12 bytes)
1767781301.936424 sending message 112 to peer 0x55e509da3c70 (13 bytes)
1767781301.936430 sending message 112 to peer 0x55e509da3c70 (13 bytes)
1767781301.936436 sending message 112 to peer 0x55e509da3c70 (13 bytes)
1767781301.936441 sending message 112 to peer 0x55e509da3c70 (13 bytes)
1767781301.936447 sending message 112 to peer 0x55e509da3c70 (13 bytes)
1767781301.936453 sending message 112 to peer 0x55e509da3c70 (13 bytes)
1767781301.936458 sending message 112 to peer 0x55e509da3c70 (13 bytes)
1767781301.936464 sending message 112 to peer 0x55e509da3c70 (10 bytes)
1767781301.936469 sending message 112 to peer 0x55e509da3c70 (13 bytes)
1767781301.936475 sending message 112 to peer 0x55e509da3c70 (12 bytes)
1767781301.936481 sending message 112 to peer 0x55e509da3c70 (12 bytes)
1767781301.936486 sending message 112 to peer 0x55e509da3c70 (12 bytes)
1767781301.936492 sending message 112 to peer 0x55e509da3c70 (10 bytes)
1767781301.936497 sending message 112 to peer 0x55e509da3c70 (10 bytes)
1767781301.936503 sending message 112 to peer 0x55e509da3c70 (10 bytes)
1767781301.936509 sending message 112 to peer 0x55e509da3c70 (12 bytes)
1767781301.936515 sending message 112 to peer 0x55e509da3c70 (13 bytes)
1767781301.936520 sending message 112 to peer 0x55e509da3c70 (13 bytes)
1767781301.936526 sending message 112 to peer 0x55e509da3c70 (13 bytes)
1767781301.936531 sending message 112 to peer 0x55e509da3c70 (13 bytes)
1767781301.936537 sending message 112 to peer 0x55e509da3c70 (13 bytes)
1767781301.936543 sending message 112 to peer 0x55e509da3c70 (11 bytes)
1767781301.936549 sending message 112 to peer 0x55e509da3c70 (11 bytes)
1767781301.936554 sending message 112 to peer 0x55e509da3c70 (12 bytes)
1767781301.936560 sending message 112 to peer 0x55e509da3c70 (12 bytes)
1767781301.936566 sending message 112 to peer 0x55e509da3c70 (12 bytes)
1767781301.936571 sending message 112 to peer 0x55e509da3c70 (12 bytes)
1767781301.936577 sending message 112 to peer 0x55e509da3c70 (12 bytes)
1767781301.936583 sending message 112 to peer 0x55e509da3c70 (11 bytes)
1767781301.936588 sending message 112 to peer 0x55e509da3c70 (12 bytes)
1767781301.936594 sending message 112 to peer 0x55e509da3c70 (12 bytes)
1767781301.936600 sending message 112 to peer 0x55e509da3c70 (13 bytes)
1767781301.936606 sending message 112 to peer 0x55e509da3c70 (13 bytes)
1767781301.936611 sending message 112 to peer 0x55e509da3c70 (13 bytes)
1767781301.936617 sending message 112 to peer 0x55e509da3c70 (13 bytes)
1767781301.936623 sending message 112 to peer 0x55e509da3c70 (13 bytes)
1767781301.936628 sending message 112 to peer 0x55e509da3c70 (10 bytes)
1767781301.936634 sending message 112 to peer 0x55e509da3c70 (9 bytes)
1767781301.936640 sending message 112 to peer 0x55e509da3c70 (12 bytes)
1767781301.936646 sending message 112 to peer 0x55e509da3c70 (13 bytes)
1767781301.936651 sending message 112 to peer 0x55e509da3c70 (13 bytes)
1767781301.936657 sending message 112 to peer 0x55e509da3c70 (13 bytes)
1767781301.936663 sending message 112 to peer 0x55e509da3c70 (13 bytes)
1767781301.936668 sending message 112 to peer 0x55e509da3c70 (13 bytes)
1767781301.936678 sending message 112 to peer 0x55e509da3c70 (9 bytes)
1767781301.936685 sending message 112 to peer 0x55e509da3c70 (12 bytes)
1767781301.936691 sending message 112 to peer 0x55e509da3c70 (13 bytes)
1767781301.936697 sending message 112 to peer 0x55e509da3c70 (13 bytes)
1767781301.936702 sending message 112 to peer 0x55e509da3c70 (13 bytes)
1767781301.936708 sending message 112 to peer 0x55e509da3c70 (13 bytes)
1767781301.936714 sending message 112 to peer 0x55e509da3c70 (13 bytes)
1767781301.936719 sending message 112 to peer 0x55e509da3c70 (11 bytes)
1767781301.936725 sending message 112 to peer 0x55e509da3c70 (12 bytes)
1767781301.936731 sending message 112 to peer 0x55e509da3c70 (13 bytes)
1767781301.936736 sending message 112 to peer 0x55e509da3c70 (13 bytes)
1767781301.936742 sending message 112 to peer 0x55e509da3c70 (13 bytes)
1767781301.936748 sending message 112 to peer 0x55e509da3c70 (13 bytes)
1767781301.936753 sending message 112 to peer 0x55e509da3c70 (13 bytes)
1767781301.936759 sending message 112 to peer 0x55e509da3c70 (11 bytes)
1767781301.936765 sending message 112 to peer 0x55e509da3c70 (12 bytes)
1767781301.936770 sending message 112 to peer 0x55e509da3c70 (12 bytes)
1767781301.936776 sending message 112 to peer 0x55e509da3c70 (12 bytes)
1767781301.936781 sending message 112 to peer 0x55e509da3c70 (12 bytes)
1767781301.936787 sending message 112 to peer 0x55e509da3c70 (12 bytes)
1767781301.936793 sending message 112 to peer 0x55e509da3c70 (21 bytes)
1767781301.936799 sending message 112 to peer 0x55e509da3c70 (12 bytes)
1767781301.936805 sending message 112 to peer 0x55e509da3c70 (9 bytes)
1767781301.936810 sending message 112 to peer 0x55e509da3c70 (6 bytes)
1767781301.936816 sending message 112 to peer 0x55e509da3c70 (13 bytes)
1767781301.936822 sending message 112 to peer 0x55e509da3c70 (8 bytes)
1767781301.936827 sending message 112 to peer 0x55e509da3c70 (15 bytes)
1767781301.936833 sending message 112 to peer 0x55e509da3c70 (13 bytes)
1767781301.936839 sending message 112 to peer 0x55e509da3c70 (9 bytes)
1767781301.936844 sending message 112 to peer 0x55e509da3c70 (70 bytes)
1767781301.936851 sending message 112 to peer 0x55e509da3c70 (69 bytes)
1767781301.936856 sending message 112 to peer 0x55e509da3c70 (10 bytes)
1767781301.936862 sending message 112 to peer 0x55e509da3c70 (10 bytes)
1767781301.936868 sending message 112 to peer 0x55e509da3c70 (8 bytes)
1767781301.936874 sending message 112 to peer 0x55e509da3c70 (15 bytes)
1767781301.936879 sending message 112 to peer 0x55e509da3c70 (13 bytes)
1767781301.936885 sending message 112 to peer 0x55e509da3c70 (10 bytes)
1767781301.936890 sending message 112 to peer 0x55e509da3c70 (10 bytes)
1767781301.936897 sending message 112 to peer 0x55e509da3c70 (17 bytes)
1767781301.936902 sending message 112 to peer 0x55e509da3c70 (10 bytes)
1767781301.936908 sending message 112 to peer 0x55e509da3c70 (13 bytes)
1767781301.936913 sending message 112 to peer 0x55e509da3c70 (9 bytes)
1767781301.936919 sending message 112 to peer 0x55e509da3c70 (5 bytes)
1767781301.936926 sending message 112 to peer 0x55e509da3c70 (15 bytes)
1767781301.936933 sending message 104 to peer 0x55e509da3c70 (0 bytes)
1767781301.936941 sending message 110 to peer 0x55e509da3c70 (0 bytes)
1767781301.936948 sending message 107 to peer 0x55e509da3c70 (4 bytes)
1767781301.936954 sending message 105 to peer 0x55e509da3c70 (41 bytes)
1767781301.936960 sending message 105 to peer 0x55e509da3c70 (27 bytes)
1767781301.936966 sending message 105 to peer 0x55e509da3c70 (597 bytes)
1767781301.936972 sending message 105 to peer 0x55e509da3c70 (23 bytes)
1767781301.936978 sending message 105 to peer 0x55e509da3c70 (59 bytes)
1767781301.936984 sending message 105 to peer 0x55e509da3c70 (16 bytes)
1767781301.936990 sending message 105 to peer 0x55e509da3c70 (20 bytes)
1767781301.936996 sending message 105 to peer 0x55e509da3c70 (38 bytes)
1767781301.937014 sending message 105 to peer 0x55e509da3c70 (21 bytes)
1767781301.937021 sending message 105 to peer 0x55e509da3c70 (25 bytes)
1767781301.937033 sending message 105 to peer 0x55e509da3c70 (18 bytes)
1767781301.937041 sending message 105 to peer 0x55e509da3c70 (38 bytes)
1767781301.937047 sending message 105 to peer 0x55e509da3c70 (14 bytes)
1767781301.937053 sending message 105 to peer 0x55e509da3c70 (90 bytes)
1767781301.937059 sending message 105 to peer 0x55e509da3c70 (16 bytes)
1767781301.937064 sending message 105 to peer 0x55e509da3c70 (17 bytes)
1767781301.937070 sending message 105 to peer 0x55e509da3c70 (17 bytes)
1767781301.937076 sending message 105 to peer 0x55e509da3c70 (19 bytes)
1767781301.937081 sending message 105 to peer 0x55e509da3c70 (22 bytes)
1767781301.937087 sending message 105 to peer 0x55e509da3c70 (12 bytes)
1767781301.937093 sending message 105 to peer 0x55e509da3c70 (26 bytes)
1767781301.937098 sending message 105 to peer 0x55e509da3c70 (29 bytes)
1767781301.937105 sending message 105 to peer 0x55e509da3c70 (41 bytes)
1767781301.937110 sending message 105 to peer 0x55e509da3c70 (64 bytes)
1767781301.937121 sending message 105 to peer 0x55e509da3c70 (29 bytes)
1767781301.937132 sending message 105 to peer 0x55e509da3c70 (20 bytes)
1767781301.937142 sending message 105 to peer 0x55e509da3c70 (11 bytes)
1767781301.937153 sending message 105 to peer 0x55e509da3c70 (26 bytes)
1767781301.937162 sending message 105 to peer 0x55e509da3c70 (27 bytes)
1767781301.937169 sending message 105 to peer 0x55e509da3c70 (19 bytes)
1767781301.937175 sending message 105 to peer 0x55e509da3c70 (200 bytes)
1767781301.937181 sending message 105 to peer 0x55e509da3c70 (39 bytes)
1767781301.937187 sending message 105 to peer 0x55e509da3c70 (29 bytes)
1767781301.937192 sending message 105 to peer 0x55e509da3c70 (10 bytes)
1767781301.937198 sending message 105 to peer 0x55e509da3c70 (54 bytes)
1767781301.937204 sending message 105 to peer 0x55e509da3c70 (29 bytes)
1767781301.937209 sending message 105 to peer 0x55e509da3c70 (58 bytes)
1767781301.937215 sending message 105 to peer 0x55e509da3c70 (25 bytes)
1767781301.937221 sending message 105 to peer 0x55e509da3c70 (15 bytes)
1767781301.937226 sending message 105 to peer 0x55e509da3c70 (17 bytes)
1767781301.937232 sending message 105 to peer 0x55e509da3c70 (148 bytes)
1767781301.937238 sending message 105 to peer 0x55e509da3c70 (11 bytes)
1767781301.937244 sending message 105 to peer 0x55e509da3c70 (14 bytes)
1767781301.937249 sending message 105 to peer 0x55e509da3c70 (21 bytes)
1767781301.937255 sending message 105 to peer 0x55e509da3c70 (52 bytes)
1767781301.937261 sending message 105 to peer 0x55e509da3c70 (18 bytes)
1767781301.937266 sending message 105 to peer 0x55e509da3c70 (20 bytes)
1767781301.937272 sending message 105 to peer 0x55e509da3c70 (20 bytes)
1767781301.937278 sending message 105 to peer 0x55e509da3c70 (25 bytes)
1767781301.937283 sending message 105 to peer 0x55e509da3c70 (15 bytes)
1767781301.937290 sending message 105 to peer 0x55e509da3c70 (15 bytes)
1767781301.937296 sending message 105 to peer 0x55e509da3c70 (17 bytes)
1767781301.937301 sending message 105 to peer 0x55e509da3c70 (12 bytes)
1767781301.937307 sending message 105 to peer 0x55e509da3c70 (16 bytes)
1767781301.937313 sending message 105 to peer 0x55e509da3c70 (2439 bytes)
1767781301.937348 sending message 105 to peer 0x55e509da3c70 (64 bytes)
1767781301.937355 sending message 105 to peer 0x55e509da3c70 (20 bytes)
1767781301.937361 sending message 105 to peer 0x55e509da3c70 (42 bytes)
1767781301.937366 sending message 105 to peer 0x55e509da3c70 (81 bytes)
1767781301.937372 sending message 105 to peer 0x55e509da3c70 (30 bytes)
1767781301.937378 sending message 105 to peer 0x55e509da3c70 (29 bytes)
1767781301.937384 sending message 105 to peer 0x55e509da3c70 (14 bytes)
1767781301.937389 sending message 105 to peer 0x55e509da3c70 (26 bytes)
1767781301.937395 sending message 105 to peer 0x55e509da3c70 (24 bytes)
1767781301.937400 sending message 105 to peer 0x55e509da3c70 (13 bytes)
1767781301.937406 sending message 105 to peer 0x55e509da3c70 (47 bytes)
1767781301.937412 sending message 105 to peer 0x55e509da3c70 (31 bytes)
1767781301.937422 sending message 105 to peer 0x55e509da3c70 (34 bytes)
1767781301.937430 sending message 105 to peer 0x55e509da3c70 (11 bytes)
1767781301.937436 sending message 105 to peer 0x55e509da3c70 (51 bytes)
1767781301.937441 sending message 105 to peer 0x55e509da3c70 (29 bytes)
1767781301.937447 sending message 105 to peer 0x55e509da3c70 (37 bytes)
1767781301.937452 sending message 105 to peer 0x55e509da3c70 (42 bytes)
1767781301.937458 sending message 105 to peer 0x55e509da3c70 (124 bytes)
1767781301.937464 sending message 105 to peer 0x55e509da3c70 (47 bytes)
1767781301.937470 sending message 105 to peer 0x55e509da3c70 (8 bytes)
1767781301.937476 sending message 105 to peer 0x55e509da3c70 (30 bytes)
1767781301.937481 sending message 105 to peer 0x55e509da3c70 (36 bytes)
1767781301.937487 sending message 105 to peer 0x55e509da3c70 (11 bytes)
1767781301.937492 sending message 105 to peer 0x55e509da3c70 (40 bytes)
1767781301.937498 sending message 106 to peer 0x55e509da3c70 (0 bytes)
1767781301.937575 sending message 200 to peer 0x55e509da3c70 (4 bytes)
1767781301.937582 client loop enter
1767781301.939876 peer 0x55e509da3c70 message 303
1767781301.939896 open write file 2 -
1767781301.939918 sending message 305 to peer 0x55e509da3c70 (8 bytes)
1767781301.939950 write check file 2
1767781301.940142 peer 0x55e509da3c70 message 304
1767781301.940157 write 58 to file 2
1767781301.940316 peer 0x55e509da3c70 message 203
1767781301.940335 file 2 58 bytes left
1767781301.940386 write check file 2
1767781301.940397 client loop exit
